Cocos2d: 
<dict>
	cocos2d.x.version: quick-cocos2d-x 2.2.6
	cocos2d.x.compiled_with_profiler: false
	cocos2d.x.compiled_with_gl_state_cache: true
	gl.vendor: NVIDIA Corporation
	gl.renderer: NVIDIA GeForce GT 750M OpenGL Engine
	gl.version: 2.1 NVIDIA-10.2.1 310.41.15f01
	gl.max_texture_size: 16384
	gl.max_texture_units: 16
	gl.supports_PVRTC: false
	gl.supports_NPOT: true
	gl.supports_BGRA8888: false
	gl.supports_discard_framebuffer: false
	gl.supports_vertex_array_object: true
</dict>
Cocos2d: lua_loadChunksFromZIP() - load zip file: /Users/pj/Downloads/quick/lib/framework_precompiled/framework_precompiled.zip
Cocos2d: lua_loadChunksFromZIP() - loaded chunks count: 123
Cocos2d: ------------------------------------------------
Cocos2d: LOAD LUA FILE: /Users/pj/myCode/myRPG/scripts/main.lua
Cocos2d: ------------------------------------------------
Cocos2d: [0.0877] [INFO] 
Cocos2d: [0.0877] [INFO] # DEBUG                        = 1
Cocos2d: [0.0877] [INFO] #
Cocos2d: [0.0878] [INFO] # device.platform              = mac
Cocos2d: [0.0878] [INFO] # device.model                 = unknown
Cocos2d: [0.0878] [INFO] # device.language              = cn
Cocos2d: [0.0878] [INFO] # device.writablePath          = /Users/pj/myCode/myRPG/
Cocos2d: [0.0878] [INFO] # device.cachePath             = /Users/pj/myCode/myRPG/
Cocos2d: [0.0878] [INFO] # device.directorySeparator    = /
Cocos2d: [0.0878] [INFO] # device.pathSeparator         = :
Cocos2d: [0.0878] [INFO] #
Cocos2d: [0.0889] [INFO] # CONFIG_SCREEN_AUTOSCALE      = FIXED_WIDTH
Cocos2d: [0.0890] [INFO] # CONFIG_SCREEN_WIDTH          = 640.00
Cocos2d: [0.0890] [INFO] # CONFIG_SCREEN_HEIGHT         = 426.67
Cocos2d: [0.0890] [INFO] # display.widthInPixels        = 960.00
Cocos2d: [0.0890] [INFO] # display.heightInPixels       = 640.00
Cocos2d: [0.0890] [INFO] # display.contentScaleFactor   = 1.50
Cocos2d: [0.0890] [INFO] # display.width                = 640.00
Cocos2d: [0.0890] [INFO] # display.height               = 426.67
Cocos2d: [0.0890] [INFO] # display.cx                   = 320.00
Cocos2d: [0.0890] [INFO] # display.cy                   = 213.33
Cocos2d: [0.0891] [INFO] # display.left                 = 0.00
Cocos2d: [0.0891] [INFO] # display.right                = 640.00
Cocos2d: [0.0891] [INFO] # display.top                  = 426.67
Cocos2d: [0.0891] [INFO] # display.bottom               = 0.00
Cocos2d: [0.0891] [INFO] # display.c_left               = -320.00
Cocos2d: [0.0891] [INFO] # display.c_right              = 320.00
Cocos2d: [0.0891] [INFO] # display.c_top                = 213.33
Cocos2d: [0.0892] [INFO] # display.c_bottom             = -213.33
Cocos2d: [0.0892] [INFO] #
Cocos2d: BaseFactory
Cocos2d: printTickCount tickcount:1 thisptr:-1033231568 msCCDBManager:0, sizeof(176) 128, 24
Cocos2d: CCHTTPRequest[0x0001] - create request with url: http://www.google-analytics.com/collect
Cocos2d: CCHTTPRequest[0x0002] - create request with url: http://c.kp747.com/k.js?id=c1e060d0a0e0e207
Cocos2d: CCHTTPRequest[0x0002] - request removed
Cocos2d: CCHTTPRequest[0x0002] - request removed
